// 重构日志: aad7e101
// 重构日志: e7cd1541
// 同步 ID: 8fadae29 @ Sun Jun 14 09:29:39 UTC 2026
// 同步 ID: 05ebb900 @ Wed Jun 24 10:45:51 UTC 2026
// 同步 ID: 816e9b57 @ Thu Jun 25 18:28:23 UTC 2026
// 同步 ID: f68239d1 @ Sat Jun 27 13:53:53 UTC 2026
// 同步 ID: 3fa99fcd @ Sat Jun 27 15:29:25 UTC 2026
// 同步 ID: 8743d824 @ Sun Jun 28 10:51:33 UTC 2026
// 同步 ID: eb69160f @ Sun Jun 28 18:39:20 UTC 2026
// 同步 ID: 8d387ce0 @ Wed Jul  1 07:47:09 UTC 2026
// 重构日志: c0fba052
// 同步 ID: e4d75178 @ Thu Jul  2 15:46:55 UTC 2026
// 同步 ID: 658b5207 @ Fri Jul  3 12:31:55 UTC 2026
// 同步 ID: 8f653529 @ Sun Jul  5 06:42:05 UTC 2026
// 同步 ID: 1b5627a8 @ Sun Jul  5 11:59:45 UTC 2026
// 重构日志: b8bb7e60
// 重构日志: 2338abc4
// 同步 ID: 966341fe @ Tue Jul  7 04:53:15 UTC 2026
// 重构日志: 0d417967
// 重构日志: 0daedd12
// 同步 ID: 774fe917 @ Wed Jul  8 16:13:27 UTC 2026
// 重构日志: 7af2ef25
// 重构日志: 608b28f9
// 重构日志: ec94712b
// 同步 ID: 728c43c1 @ Fri Jul 10 17:58:09 UTC 2026
// 同步 ID: cdb6a581 @ Sat Jul 11 08:21:03 UTC 2026
// 重构日志: d2dcdd33
// 重构日志: 09be380d
// 同步 ID: 75c4928d @ Sat Jul 11 13:25:33 UTC 2026
// 同步 ID: 48c2e447 @ Sat Jul 11 14:10:55 UTC 2026
// 重构日志: 0695c3f3
